[11:57:47] [main/INFO]: Using mbed TLS based native cipher.
[11:57:47] [main/INFO]: Using zlib based native compressor.
[11:57:47] [main/INFO]: Enabled Waterfall version git:Waterfall-Bootstrap:1.19-R0.1-SNAPSHOT:f6069e2:513
[11:57:48] [main/INFO]: Not on Windows, attempting to use enhanced EpollEventLoop
[11:57:48] [main/INFO]: Epoll is working, utilising it!
[11:57:48] [main/INFO]: Discovered module: ModuleSpec(name=cmd_alert, file=modules/cmd_alert.jar, provider=JenkinsModuleSource())
[11:57:48] [main/INFO]: Discovered module: ModuleSpec(name=cmd_find, file=modules/cmd_find.jar, provider=JenkinsModuleSource())
[11:57:48] [main/INFO]: Discovered module: ModuleSpec(name=cmd_list, file=modules/cmd_list.jar, provider=JenkinsModuleSource())
[11:57:48] [main/INFO]: Discovered module: ModuleSpec(name=cmd_send, file=modules/cmd_send.jar, provider=JenkinsModuleSource())
[11:57:48] [main/INFO]: Discovered module: ModuleSpec(name=cmd_server, file=modules/cmd_server.jar, provider=JenkinsModuleSource())
[11:57:48] [main/INFO]: Discovered module: ModuleSpec(name=reconnect_yaml, file=modules/reconnect_yaml.jar, provider=JenkinsModuleSource())
[11:57:48] [main/INFO]: Loaded plugin reconnect_yaml version git:reconnect_yaml:1.19-R0.1-SNAPSHOT:f6069e2:513 by WaterfallMC
[11:57:48] [main/INFO]: Loaded plugin cmd_find version git:cmd_find:1.19-R0.1-SNAPSHOT:f6069e2:513 by WaterfallMC
[11:57:48] [main/INFO]: Loaded plugin cmd_server version git:cmd_server:1.19-R0.1-SNAPSHOT:f6069e2:513 by WaterfallMC
[11:57:48] [main/INFO]: Loaded plugin cmd_alert version git:cmd_alert:1.19-R0.1-SNAPSHOT:f6069e2:513 by WaterfallMC
[11:57:48] [main/INFO]: Loaded plugin cmd_send version git:cmd_send:1.19-R0.1-SNAPSHOT:f6069e2:513 by WaterfallMC
[11:57:48] [main/INFO]: Loaded plugin cmd_list version git:cmd_list:1.19-R0.1-SNAPSHOT:f6069e2:513 by WaterfallMC
[11:57:48] [main/WARN]: :>:>:>:>:>:>:>:>:>:>:>:>:>:>:>:>:>:>:>:>:>:>:>
[11:57:48] [main/WARN]: :>  
[11:57:48] [main/WARN]: :>      EAGLERCRAFTXBUNGEE WARNING:
[11:57:48] [main/WARN]: :>  
[11:57:48] [main/WARN]: :>  This plugin wasn't tested to be 'working'
[11:57:48] [main/WARN]: :>  with ANY version of BungeeCord (and forks)
[11:57:48] [main/WARN]: :>  apart from the versions listed below:
[11:57:48] [main/WARN]: :>  
[11:57:48] [main/WARN]: :>  - BungeeCord: 1.20-R0.3-SNAPSHOT:eda268b:1797
[11:57:48] [main/WARN]: :>  - Waterfall: 1.20-R0.2-SNAPSHOT:92b5149:562
[11:57:48] [main/WARN]: :>  - FlameCord: 1.1.1
[11:57:48] [main/WARN]: :>  
[11:57:48] [main/WARN]: :>  This is not a Bukkit/Spigot plugin!
[11:57:48] [main/WARN]: :>  
[11:57:48] [main/WARN]: :>  Use "-Deaglerxbungee.stfu=true" to hide
[11:57:48] [main/WARN]: :>  
[11:57:48] [main/WARN]: :>:>:>:>:>:>:>:>:>:>:>:>:>:>:>:>:>:>:>:>:>:>:>
[11:57:48] [main/INFO] [EaglercraftXBungee]: Loading vanilla profile: lax1dude
[11:57:49] [Skin Download Thread #1/INFO] [EaglercraftXBungee]: Loaded vanilla profile: lax1dude
[11:57:49] [main/INFO]: Loaded plugin EaglercraftXBungee version 1.0.10 by lax1dude
[11:57:49] [main/WARN]: Forced host server pvp is not defined
[11:57:49] [main/INFO]: Enabled plugin reconnect_yaml version git:reconnect_yaml:1.19-R0.1-SNAPSHOT:f6069e2:513 by WaterfallMC
[11:57:49] [main/INFO]: Enabled plugin cmd_find version git:cmd_find:1.19-R0.1-SNAPSHOT:f6069e2:513 by WaterfallMC
[11:57:49] [main/INFO]: Enabled plugin cmd_server version git:cmd_server:1.19-R0.1-SNAPSHOT:f6069e2:513 by WaterfallMC
[11:57:49] [main/INFO]: Enabled plugin cmd_alert version git:cmd_alert:1.19-R0.1-SNAPSHOT:f6069e2:513 by WaterfallMC
[11:57:49] [main/INFO]: Enabled plugin cmd_send version git:cmd_send:1.19-R0.1-SNAPSHOT:f6069e2:513 by WaterfallMC
[11:57:49] [main/INFO]: Enabled plugin cmd_list version git:cmd_list:1.19-R0.1-SNAPSHOT:f6069e2:513 by WaterfallMC
[11:57:49] [main/ERROR] [EaglercraftXBungee]: Online mode is set to false! Authentication system has been disabled
[11:57:49] [Netty Worker IO Thread #0/INFO] [EaglercraftXBungee]: Eaglercraft is listening on: /0.0.0.0:8081
[11:57:49] [main/INFO] [EaglercraftXBungee]: Connected to database: jdbc:sqlite:eaglercraft_skins_cache.db
[11:57:49] [main/INFO]: Enabled plugin EaglercraftXBungee version 1.0.10 by lax1dude
[11:57:49] [Netty Boss IO Thread #0/INFO]: Listening on /127.0.0.1:25577
[11:57:49] [EaglerXBungee: Network Tick Tasks/INFO] [EaglercraftXBungee]: Loaded certificate: /workspaces/alliance/bungee/plugins/EaglercraftXBungee/eagcert/$dl.5b2a44263e75935c207f92555fb26054d13253b8.cert
[11:58:53] [Netty Worker IO Thread #1/INFO] [EaglercraftXBungee]: [/[0:0:0:0:0:0:0:1%0]:59944]: Connected via websocket
[11:58:53] [Netty Worker IO Thread #1/INFO] [EaglercraftXBungee]: [/[0:0:0:0:0:0:0:1%0]:59944]: Origin header is http://localhost:8081
[11:58:54] [Netty Worker IO Thread #1/INFO] [EaglercraftXBungee]: [/[0:0:0:0:0:0:0:1%0]:59944]: Logged in as 'slay_queen_6000'
[11:58:54] [Netty Worker IO Thread #1/INFO]: [/[0:0:0:0:0:0:0:1%0]:59944|slay_queen_6000] -> UpstreamBridge has connected
[11:58:54] [Netty Worker IO Thread #1/INFO]: [slay_queen_6000|/[0:0:0:0:0:0:0:1%0]:59944] <-> ServerConnector [lobby] has connected
[12:42:10] [Netty Worker IO Thread #0/WARN] [EaglercraftXBungee]: Server icon is not a file: /workspaces/alliance/bungee/server-icon.png
[12:42:11] [Netty Worker IO Thread #1/INFO] [EaglercraftXBungee]: [/[0:0:0:0:0:0:0:1%0]:59176]: Connected via websocket
[12:42:11] [Netty Worker IO Thread #1/INFO] [EaglercraftXBungee]: [/[0:0:0:0:0:0:0:1%0]:59176]: Origin header is http://localhost:8081
[12:42:11] [Netty Worker IO Thread #1/INFO] [EaglercraftXBungee]: [/[0:0:0:0:0:0:0:1%0]:59176]: Logged in as 'Hi_'
[12:42:11] [Netty Worker IO Thread #1/INFO]: [/[0:0:0:0:0:0:0:1%0]:59176|Hi_] -> UpstreamBridge has connected
[12:42:11] [Netty Worker IO Thread #1/INFO]: [Hi_|/[0:0:0:0:0:0:0:1%0]:59176] <-> ServerConnector [lobby] has connected
